<?xml version="1.0" encoding="UTF-8"?>
<coverage generated="1746100968511" clover="3.2.0">
  <project timestamp="1746100968511" name="All files">
    <metrics statements="30" coveredstatements="2" conditionals="23" coveredconditionals="19" methods="24" coveredmethods="19" elements="77" coveredelements="40" complexity="0" loc="30" ncloc="30" packages="21" files="23" classes="23"/>
    <package name="ecommerce-application">
      <metrics statements="13" coveredstatements="0" conditionals="3" coveredconditionals="0" methods="3" coveredmethods="0"/>
      <file name="commitlint.config.js" path="/Users/anton_susnikov/Desktop/rsschool/ecommerce-application/commitlint.config.js">
        <metrics statements="1" coveredstatements="0" conditionals="1" coveredconditionals="0" methods="1" coveredmethods="0"/>
        <line num="1" count="0" type="cond" truecount="0" falsecount="1"/>
      </file>
      <file name="lint-staged.config.js" path="/Users/anton_susnikov/Desktop/rsschool/ecommerce-application/lint-staged.config.js">
        <metrics statements="8" coveredstatements="0" conditionals="1" coveredconditionals="0" methods="1" coveredmethods="0"/>
        <line num="1" count="0" type="cond" truecount="0" falsecount="1"/>
        <line num="2" count="0" type="stmt"/>
        <line num="3" count="0" type="stmt"/>
        <line num="4" count="0" type="stmt"/>
        <line num="5" count="0" type="stmt"/>
        <line num="6" count="0" type="stmt"/>
        <line num="7" count="0" type="stmt"/>
        <line num="8" count="0" type="stmt"/>
      </file>
      <file name="stylelint.config.js" path="/Users/anton_susnikov/Desktop/rsschool/ecommerce-application/stylelint.config.js">
        <metrics statements="4" coveredstatements="0" conditionals="1" coveredconditionals="0" methods="1" coveredmethods="0"/>
        <line num="1" count="0" type="cond" truecount="0" falsecount="1"/>
        <line num="2" count="0" type="stmt"/>
        <line num="3" count="0" type="stmt"/>
        <line num="4" count="0" type="stmt"/>
      </file>
    </package>
    <package name="ecommerce-application.src">
      <metrics statements="9" coveredstatements="0" conditionals="1" coveredconditionals="0" methods="1" coveredmethods="0"/>
      <file name="main.tsx" path="/Users/anton_susnikov/Desktop/rsschool/ecommerce-application/src/main.tsx">
        <metrics statements="9" coveredstatements="0" conditionals="1" coveredconditionals="0" methods="1" coveredmethods="0"/>
        <line num="1" count="0" type="cond" truecount="0" falsecount="1"/>
        <line num="2" count="0" type="stmt"/>
        <line num="3" count="0" type="stmt"/>
        <line num="5" count="0" type="stmt"/>
        <line num="7" count="0" type="stmt"/>
        <line num="8" count="0" type="stmt"/>
        <line num="9" count="0" type="stmt"/>
        <line num="10" count="0" type="stmt"/>
        <line num="11" count="0" type="stmt"/>
      </file>
    </package>
    <package name="ecommerce-application.src.components">
      <metrics statements="8" coveredstatements="2" conditionals="1" coveredconditionals="1" methods="2" coveredmethods="1"/>
      <file name="App.tsx" path="/Users/anton_susnikov/Desktop/rsschool/ecommerce-application/src/components/App.tsx">
        <metrics statements="8" coveredstatements="2" conditionals="1" coveredconditionals="1" methods="2" coveredmethods="1"/>
        <line num="1" count="0" type="stmt"/>
        <line num="2" count="0" type="stmt"/>
        <line num="3" count="0" type="stmt"/>
        <line num="4" count="0" type="stmt"/>
        <line num="5" count="0" type="stmt"/>
        <line num="7" count="0" type="stmt"/>
        <line num="9" count="1" type="cond" truecount="1" falsecount="0"/>
        <line num="11" count="1" type="stmt"/>
      </file>
    </package>
    <package name="ecommerce-application.src.components.containers.about">
      <metrics statements="0" coveredstatements="0" conditionals="1" coveredconditionals="1" methods="1" coveredmethods="1"/>
      <file name="AboutUs.tsx" path="/Users/anton_susnikov/Desktop/rsschool/ecommerce-application/src/components/containers/about/AboutUs.tsx">
        <metrics statements="0" coveredstatements="0" conditionals="1" coveredconditionals="1" methods="1" coveredmethods="1"/>
      </file>
    </package>
    <package name="ecommerce-application.src.components.containers.bucket">
      <metrics statements="0" coveredstatements="0" conditionals="1" coveredconditionals="1" methods="1" coveredmethods="1"/>
      <file name="Bucket.tsx" path="/Users/anton_susnikov/Desktop/rsschool/ecommerce-application/src/components/containers/bucket/Bucket.tsx">
        <metrics statements="0" coveredstatements="0" conditionals="1" coveredconditionals="1" methods="1" coveredmethods="1"/>
      </file>
    </package>
    <package name="ecommerce-application.src.components.containers.main">
      <metrics statements="0" coveredstatements="0" conditionals="1" coveredconditionals="1" methods="1" coveredmethods="1"/>
      <file name="Main.tsx" path="/Users/anton_susnikov/Desktop/rsschool/ecommerce-application/src/components/containers/main/Main.tsx">
        <metrics statements="0" coveredstatements="0" conditionals="1" coveredconditionals="1" methods="1" coveredmethods="1"/>
      </file>
    </package>
    <package name="ecommerce-application.src.components.containers.products.product-info">
      <metrics statements="0" coveredstatements="0" conditionals="1" coveredconditionals="1" methods="1" coveredmethods="1"/>
      <file name="ProductInfo.tsx" path="/Users/anton_susnikov/Desktop/rsschool/ecommerce-application/src/components/containers/products/product-info/ProductInfo.tsx">
        <metrics statements="0" coveredstatements="0" conditionals="1" coveredconditionals="1" methods="1" coveredmethods="1"/>
      </file>
    </package>
    <package name="ecommerce-application.src.components.containers.products.product-list">
      <metrics statements="0" coveredstatements="0" conditionals="1" coveredconditionals="1" methods="1" coveredmethods="1"/>
      <file name="ProductList.tsx" path="/Users/anton_susnikov/Desktop/rsschool/ecommerce-application/src/components/containers/products/product-list/ProductList.tsx">
        <metrics statements="0" coveredstatements="0" conditionals="1" coveredconditionals="1" methods="1" coveredmethods="1"/>
      </file>
    </package>
    <package name="ecommerce-application.src.components.containers.user.login">
      <metrics statements="0" coveredstatements="0" conditionals="1" coveredconditionals="1" methods="1" coveredmethods="1"/>
      <file name="LoginPage.tsx" path="/Users/anton_susnikov/Desktop/rsschool/ecommerce-application/src/components/containers/user/login/LoginPage.tsx">
        <metrics statements="0" coveredstatements="0" conditionals="1" coveredconditionals="1" methods="1" coveredmethods="1"/>
      </file>
    </package>
    <package name="ecommerce-application.src.components.containers.user.profile">
      <metrics statements="0" coveredstatements="0" conditionals="1" coveredconditionals="1" methods="1" coveredmethods="1"/>
      <file name="Profile.tsx" path="/Users/anton_susnikov/Desktop/rsschool/ecommerce-application/src/components/containers/user/profile/Profile.tsx">
        <metrics statements="0" coveredstatements="0" conditionals="1" coveredconditionals="1" methods="1" coveredmethods="1"/>
      </file>
    </package>
    <package name="ecommerce-application.src.components.containers.user.registration">
      <metrics statements="0" coveredstatements="0" conditionals="1" coveredconditionals="1" methods="1" coveredmethods="1"/>
      <file name="RegistrationPage.tsx" path="/Users/anton_susnikov/Desktop/rsschool/ecommerce-application/src/components/containers/user/registration/RegistrationPage.tsx">
        <metrics statements="0" coveredstatements="0" conditionals="1" coveredconditionals="1" methods="1" coveredmethods="1"/>
      </file>
    </package>
    <package name="ecommerce-application.src.components.footer">
      <metrics statements="0" coveredstatements="0" conditionals="1" coveredconditionals="1" methods="1" coveredmethods="1"/>
      <file name="Footer.tsx" path="/Users/anton_susnikov/Desktop/rsschool/ecommerce-application/src/components/footer/Footer.tsx">
        <metrics statements="0" coveredstatements="0" conditionals="1" coveredconditionals="1" methods="1" coveredmethods="1"/>
      </file>
    </package>
    <package name="ecommerce-application.src.components.header">
      <metrics statements="0" coveredstatements="0" conditionals="1" coveredconditionals="1" methods="1" coveredmethods="1"/>
      <file name="Header.tsx" path="/Users/anton_susnikov/Desktop/rsschool/ecommerce-application/src/components/header/Header.tsx">
        <metrics statements="0" coveredstatements="0" conditionals="1" coveredconditionals="1" methods="1" coveredmethods="1"/>
      </file>
    </package>
    <package name="ecommerce-application.src.components.pages.loading">
      <metrics statements="0" coveredstatements="0" conditionals="1" coveredconditionals="1" methods="1" coveredmethods="1"/>
      <file name="Loading.tsx" path="/Users/anton_susnikov/Desktop/rsschool/ecommerce-application/src/components/pages/loading/Loading.tsx">
        <metrics statements="0" coveredstatements="0" conditionals="1" coveredconditionals="1" methods="1" coveredmethods="1"/>
      </file>
    </package>
    <package name="ecommerce-application.src.components.pages.not-found">
      <metrics statements="0" coveredstatements="0" conditionals="1" coveredconditionals="1" methods="1" coveredmethods="1"/>
      <file name="404.tsx" path="/Users/anton_susnikov/Desktop/rsschool/ecommerce-application/src/components/pages/not-found/404.tsx">
        <metrics statements="0" coveredstatements="0" conditionals="1" coveredconditionals="1" methods="1" coveredmethods="1"/>
      </file>
    </package>
    <package name="ecommerce-application.src.components.ui.button">
      <metrics statements="0" coveredstatements="0" conditionals="1" coveredconditionals="1" methods="1" coveredmethods="1"/>
      <file name="Button.tsx" path="/Users/anton_susnikov/Desktop/rsschool/ecommerce-application/src/components/ui/button/Button.tsx">
        <metrics statements="0" coveredstatements="0" conditionals="1" coveredconditionals="1" methods="1" coveredmethods="1"/>
      </file>
    </package>
    <package name="ecommerce-application.src.components.ui.input">
      <metrics statements="0" coveredstatements="0" conditionals="1" coveredconditionals="1" methods="1" coveredmethods="1"/>
      <file name="Input.tsx" path="/Users/anton_susnikov/Desktop/rsschool/ecommerce-application/src/components/ui/input/Input.tsx">
        <metrics statements="0" coveredstatements="0" conditionals="1" coveredconditionals="1" methods="1" coveredmethods="1"/>
      </file>
    </package>
    <package name="ecommerce-application.src.core.hooks">
      <metrics statements="0" coveredstatements="0" conditionals="1" coveredconditionals="1" methods="1" coveredmethods="1"/>
      <file name="custom-hook.tsx" path="/Users/anton_susnikov/Desktop/rsschool/ecommerce-application/src/core/hooks/custom-hook.tsx">
        <metrics statements="0" coveredstatements="0" conditionals="1" coveredconditionals="1" methods="1" coveredmethods="1"/>
      </file>
    </package>
    <package name="ecommerce-application.src.core.services">
      <metrics statements="0" coveredstatements="0" conditionals="1" coveredconditionals="1" methods="1" coveredmethods="1"/>
      <file name="user-login-service.ts" path="/Users/anton_susnikov/Desktop/rsschool/ecommerce-application/src/core/services/user-login-service.ts">
        <metrics statements="0" coveredstatements="0" conditionals="1" coveredconditionals="1" methods="1" coveredmethods="1"/>
      </file>
    </package>
    <package name="ecommerce-application.src.core.types">
      <metrics statements="0" coveredstatements="0" conditionals="1" coveredconditionals="1" methods="1" coveredmethods="1"/>
      <file name="types.ts" path="/Users/anton_susnikov/Desktop/rsschool/ecommerce-application/src/core/types/types.ts">
        <metrics statements="0" coveredstatements="0" conditionals="1" coveredconditionals="1" methods="1" coveredmethods="1"/>
      </file>
    </package>
    <package name="ecommerce-application.src.core.utils">
      <metrics statements="0" coveredstatements="0" conditionals="1" coveredconditionals="1" methods="1" coveredmethods="1"/>
      <file name="valid-data.ts" path="/Users/anton_susnikov/Desktop/rsschool/ecommerce-application/src/core/utils/valid-data.ts">
        <metrics statements="0" coveredstatements="0" conditionals="1" coveredconditionals="1" methods="1" coveredmethods="1"/>
      </file>
    </package>
  </project>
</coverage>
